{"/Users/alarner/projects/larner-dev/tiny-knex-orm/fixtures/migrations/00001.cjs": {"path":"/Users/alarner/projects/larner-dev/tiny-knex-orm/fixtures/migrations/00001.cjs","all":false,"statementMap":{"0":{"start":{"line":1,"column":0},"end":{"line":1,"column":30}},"1":{"start":{"line":2,"column":0},"end":{"line":2,"column":60}},"2":{"start":{"line":3,"column":0},"end":{"line":3,"column":27}},"3":{"start":{"line":4,"column":0},"end":{"line":4,"column":44}},"4":{"start":{"line":5,"column":0},"end":{"line":5,"column":59}},"5":{"start":{"line":6,"column":0},"end":{"line":6,"column":59}},"6":{"start":{"line":7,"column":0},"end":{"line":7,"column":50}},"7":{"start":{"line":8,"column":0},"end":{"line":8,"column":5}},"8":{"start":{"line":9,"column":0},"end":{"line":9,"column":2}},"9":{"start":{"line":10,"column":0},"end":{"line":10,"column":0}},"10":{"start":{"line":11,"column":0},"end":{"line":11,"column":32}},"11":{"start":{"line":12,"column":0},"end":{"line":12,"column":40}},"12":{"start":{"line":13,"column":0},"end":{"line":13,"column":2}}},"s":{"0":1,"1":1,"2":1,"3":1,"4":1,"5":1,"6":1,"7":1,"8":1,"9":1,"10":1,"11":0,"12":1},"branchMap":{"0":{"type":"branch","line":1,"loc":{"start":{"line":1,"column":0},"end":{"line":13,"column":2}},"locations":[{"start":{"line":1,"column":0},"end":{"line":13,"column":2}}]},"1":{"type":"branch","line":1,"loc":{"start":{"line":1,"column":13},"end":{"line":9,"column":1}},"locations":[{"start":{"line":1,"column":13},"end":{"line":9,"column":1}}]},"2":{"type":"branch","line":2,"loc":{"start":{"line":2,"column":42},"end":{"line":8,"column":3}},"locations":[{"start":{"line":2,"column":42},"end":{"line":8,"column":3}}]}},"b":{"0":[1],"1":[1],"2":[1]},"fnMap":{"0":{"name":"exports.up","decl":{"start":{"line":1,"column":13},"end":{"line":9,"column":1}},"loc":{"start":{"line":1,"column":13},"end":{"line":9,"column":1}},"line":1},"1":{"name":"exports.down","decl":{"start":{"line":11,"column":15},"end":{"line":13,"column":1}},"loc":{"start":{"line":11,"column":15},"end":{"line":13,"column":1}},"line":11}},"f":{"0":1,"1":0}}
,"/Users/alarner/projects/larner-dev/tiny-knex-orm/src/deleteStrategy.ts": {"path":"/Users/alarner/projects/larner-dev/tiny-knex-orm/src/deleteStrategy.ts","all":false,"statementMap":{"0":{"start":{"line":1,"column":0},"end":{"line":1,"column":28}},"1":{"start":{"line":2,"column":0},"end":{"line":2,"column":42}},"2":{"start":{"line":3,"column":0},"end":{"line":3,"column":32}},"3":{"start":{"line":4,"column":0},"end":{"line":4,"column":0}},"4":{"start":{"line":5,"column":0},"end":{"line":5,"column":30}},"5":{"start":{"line":6,"column":0},"end":{"line":6,"column":12}},"6":{"start":{"line":7,"column":0},"end":{"line":7,"column":45}},"7":{"start":{"line":8,"column":0},"end":{"line":8,"column":17}},"8":{"start":{"line":9,"column":0},"end":{"line":9,"column":19}},"9":{"start":{"line":10,"column":0},"end":{"line":10,"column":0}},"10":{"start":{"line":11,"column":0},"end":{"line":11,"column":31}},"11":{"start":{"line":12,"column":0},"end":{"line":12,"column":39}},"12":{"start":{"line":13,"column":0},"end":{"line":13,"column":1}},"13":{"start":{"line":14,"column":0},"end":{"line":14,"column":0}},"14":{"start":{"line":15,"column":0},"end":{"line":15,"column":52}},"15":{"start":{"line":16,"column":0},"end":{"line":16,"column":44}},"16":{"start":{"line":17,"column":0},"end":{"line":17,"column":25}},"17":{"start":{"line":18,"column":0},"end":{"line":18,"column":67}},"18":{"start":{"line":19,"column":0},"end":{"line":19,"column":16}},"19":{"start":{"line":20,"column":0},"end":{"line":20,"column":4}},"20":{"start":{"line":21,"column":0},"end":{"line":21,"column":2}}},"s":{"0":1,"1":1,"2":1,"3":1,"4":1,"5":1,"6":1,"7":1,"8":1,"9":1,"10":1,"11":1,"12":1,"13":1,"14":1,"15":1,"16":1,"17":1,"18":1,"19":1,"20":1},"branchMap":{"0":{"type":"branch","line":16,"loc":{"start":{"line":16,"column":8},"end":{"line":20,"column":4}},"locations":[{"start":{"line":16,"column":8},"end":{"line":20,"column":4}}]},"1":{"type":"branch","line":16,"loc":{"start":{"line":16,"column":14},"end":{"line":20,"column":4}},"locations":[{"start":{"line":16,"column":14},"end":{"line":20,"column":4}}]},"2":{"type":"branch","line":21,"loc":{"start":{"line":21,"column":0},"end":{"line":21,"column":2}},"locations":[{"start":{"line":21,"column":0},"end":{"line":21,"column":2}}]}},"b":{"0":[1],"1":[1],"2":[1]},"fnMap":{"0":{"name":"hard","decl":{"start":{"line":16,"column":8},"end":{"line":20,"column":4}},"loc":{"start":{"line":16,"column":8},"end":{"line":20,"column":4}},"line":16},"1":{"name":"get","decl":{"start":{"line":21,"column":0},"end":{"line":21,"column":2}},"loc":{"start":{"line":21,"column":0},"end":{"line":21,"column":2}},"line":21}},"f":{"0":1,"1":1}}
,"/Users/alarner/projects/larner-dev/tiny-knex-orm/src/model.ts": {"path":"/Users/alarner/projects/larner-dev/tiny-knex-orm/src/model.ts","all":false,"statementMap":{"0":{"start":{"line":1,"column":0},"end":{"line":1,"column":54}},"1":{"start":{"line":2,"column":0},"end":{"line":2,"column":28}},"2":{"start":{"line":3,"column":0},"end":{"line":3,"column":45}},"3":{"start":{"line":4,"column":0},"end":{"line":4,"column":0}},"4":{"start":{"line":5,"column":0},"end":{"line":5,"column":62}},"5":{"start":{"line":6,"column":0},"end":{"line":6,"column":35}},"6":{"start":{"line":7,"column":0},"end":{"line":7,"column":0}},"7":{"start":{"line":8,"column":0},"end":{"line":8,"column":33}},"8":{"start":{"line":9,"column":0},"end":{"line":9,"column":15}},"9":{"start":{"line":10,"column":0},"end":{"line":10,"column":16}},"10":{"start":{"line":11,"column":0},"end":{"line":11,"column":25}},"11":{"start":{"line":12,"column":0},"end":{"line":12,"column":31}},"12":{"start":{"line":13,"column":0},"end":{"line":13,"column":31}},"13":{"start":{"line":14,"column":0},"end":{"line":14,"column":31}},"14":{"start":{"line":15,"column":0},"end":{"line":15,"column":79}},"15":{"start":{"line":16,"column":0},"end":{"line":16,"column":44}},"16":{"start":{"line":17,"column":0},"end":{"line":17,"column":1}},"17":{"start":{"line":18,"column":0},"end":{"line":18,"column":0}},"18":{"start":{"line":19,"column":0},"end":{"line":19,"column":46}},"19":{"start":{"line":20,"column":0},"end":{"line":20,"column":0}},"20":{"start":{"line":21,"column":0},"end":{"line":21,"column":44}},"21":{"start":{"line":22,"column":0},"end":{"line":22,"column":22}},"22":{"start":{"line":23,"column":0},"end":{"line":23,"column":1}},"23":{"start":{"line":24,"column":0},"end":{"line":24,"column":0}},"24":{"start":{"line":25,"column":0},"end":{"line":25,"column":32}},"25":{"start":{"line":26,"column":0},"end":{"line":26,"column":32}},"26":{"start":{"line":27,"column":0},"end":{"line":27,"column":32}},"27":{"start":{"line":28,"column":0},"end":{"line":28,"column":41}},"28":{"start":{"line":29,"column":0},"end":{"line":29,"column":47}},"29":{"start":{"line":30,"column":0},"end":{"line":30,"column":47}},"30":{"start":{"line":31,"column":0},"end":{"line":31,"column":47}},"31":{"start":{"line":32,"column":0},"end":{"line":32,"column":36}},"32":{"start":{"line":33,"column":0},"end":{"line":33,"column":14}},"33":{"start":{"line":34,"column":0},"end":{"line":34,"column":17}},"34":{"start":{"line":35,"column":0},"end":{"line":35,"column":19}},"35":{"start":{"line":36,"column":0},"end":{"line":36,"column":21}},"36":{"start":{"line":37,"column":0},"end":{"line":37,"column":60}},"37":{"start":{"line":38,"column":0},"end":{"line":38,"column":0}},"38":{"start":{"line":39,"column":0},"end":{"line":39,"column":39}},"39":{"start":{"line":40,"column":0},"end":{"line":40,"column":25}},"40":{"start":{"line":41,"column":0},"end":{"line":41,"column":30}},"41":{"start":{"line":42,"column":0},"end":{"line":42,"column":34}},"42":{"start":{"line":43,"column":0},"end":{"line":43,"column":44}},"43":{"start":{"line":44,"column":0},"end":{"line":44,"column":44}},"44":{"start":{"line":45,"column":0},"end":{"line":45,"column":44}},"45":{"start":{"line":46,"column":0},"end":{"line":46,"column":46}},"46":{"start":{"line":47,"column":0},"end":{"line":47,"column":48}},"47":{"start":{"line":48,"column":0},"end":{"line":48,"column":3}},"48":{"start":{"line":49,"column":0},"end":{"line":49,"column":0}},"49":{"start":{"line":50,"column":0},"end":{"line":50,"column":35}},"50":{"start":{"line":51,"column":0},"end":{"line":51,"column":46}},"51":{"start":{"line":52,"column":0},"end":{"line":52,"column":3}},"52":{"start":{"line":53,"column":0},"end":{"line":53,"column":0}},"53":{"start":{"line":54,"column":0},"end":{"line":54,"column":77}},"54":{"start":{"line":55,"column":0},"end":{"line":55,"column":29}},"55":{"start":{"line":56,"column":0},"end":{"line":56,"column":37}},"56":{"start":{"line":57,"column":0},"end":{"line":57,"column":73}},"57":{"start":{"line":58,"column":0},"end":{"line":58,"column":65}},"58":{"start":{"line":59,"column":0},"end":{"line":59,"column":0}},"59":{"start":{"line":60,"column":0},"end":{"line":60,"column":32}},"60":{"start":{"line":61,"column":0},"end":{"line":61,"column":41}},"61":{"start":{"line":62,"column":0},"end":{"line":62,"column":5}},"62":{"start":{"line":63,"column":0},"end":{"line":63,"column":0}},"63":{"start":{"line":64,"column":0},"end":{"line":64,"column":34}},"64":{"start":{"line":65,"column":0},"end":{"line":65,"column":29}},"65":{"start":{"line":66,"column":0},"end":{"line":66,"column":0}},"66":{"start":{"line":67,"column":0},"end":{"line":67,"column":27}},"67":{"start":{"line":68,"column":0},"end":{"line":68,"column":32}},"68":{"start":{"line":69,"column":0},"end":{"line":69,"column":26}},"69":{"start":{"line":70,"column":0},"end":{"line":70,"column":20}},"70":{"start":{"line":71,"column":0},"end":{"line":71,"column":34}},"71":{"start":{"line":72,"column":0},"end":{"line":72,"column":5}},"72":{"start":{"line":73,"column":0},"end":{"line":73,"column":0}},"73":{"start":{"line":74,"column":0},"end":{"line":74,"column":23}},"74":{"start":{"line":75,"column":0},"end":{"line":75,"column":38}},"75":{"start":{"line":76,"column":0},"end":{"line":76,"column":60}},"76":{"start":{"line":77,"column":0},"end":{"line":77,"column":72}},"77":{"start":{"line":78,"column":0},"end":{"line":78,"column":7}},"78":{"start":{"line":79,"column":0},"end":{"line":79,"column":26}},"79":{"start":{"line":80,"column":0},"end":{"line":80,"column":49}},"80":{"start":{"line":81,"column":0},"end":{"line":81,"column":28}},"81":{"start":{"line":82,"column":0},"end":{"line":82,"column":12}},"82":{"start":{"line":83,"column":0},"end":{"line":83,"column":60}},"83":{"start":{"line":84,"column":0},"end":{"line":84,"column":72}},"84":{"start":{"line":85,"column":0},"end":{"line":85,"column":7}},"85":{"start":{"line":86,"column":0},"end":{"line":86,"column":69}},"86":{"start":{"line":87,"column":0},"end":{"line":87,"column":42}},"87":{"start":{"line":88,"column":0},"end":{"line":88,"column":5}},"88":{"start":{"line":89,"column":0},"end":{"line":89,"column":25}},"89":{"start":{"line":90,"column":0},"end":{"line":90,"column":70}},"90":{"start":{"line":91,"column":0},"end":{"line":91,"column":5}},"91":{"start":{"line":92,"column":0},"end":{"line":92,"column":16}},"92":{"start":{"line":93,"column":0},"end":{"line":93,"column":3}},"93":{"start":{"line":94,"column":0},"end":{"line":94,"column":79}},"94":{"start":{"line":95,"column":0},"end":{"line":95,"column":44}},"95":{"start":{"line":96,"column":0},"end":{"line":96,"column":22}},"96":{"start":{"line":97,"column":0},"end":{"line":97,"column":14}},"97":{"start":{"line":98,"column":0},"end":{"line":98,"column":7}},"98":{"start":{"line":99,"column":0},"end":{"line":99,"column":18}},"99":{"start":{"line":100,"column":0},"end":{"line":100,"column":40}},"100":{"start":{"line":101,"column":0},"end":{"line":101,"column":5}},"101":{"start":{"line":102,"column":0},"end":{"line":102,"column":18}},"102":{"start":{"line":103,"column":0},"end":{"line":103,"column":3}},"103":{"start":{"line":104,"column":0},"end":{"line":104,"column":79}},"104":{"start":{"line":105,"column":0},"end":{"line":105,"column":29}},"105":{"start":{"line":106,"column":0},"end":{"line":106,"column":59}},"106":{"start":{"line":107,"column":0},"end":{"line":107,"column":28}},"107":{"start":{"line":108,"column":0},"end":{"line":108,"column":58}},"108":{"start":{"line":109,"column":0},"end":{"line":109,"column":5}},"109":{"start":{"line":110,"column":0},"end":{"line":110,"column":41}},"110":{"start":{"line":111,"column":0},"end":{"line":111,"column":18}},"111":{"start":{"line":112,"column":0},"end":{"line":112,"column":18}},"112":{"start":{"line":113,"column":0},"end":{"line":113,"column":5}},"113":{"start":{"line":114,"column":0},"end":{"line":114,"column":36}},"114":{"start":{"line":115,"column":0},"end":{"line":115,"column":29}},"115":{"start":{"line":116,"column":0},"end":{"line":116,"column":49}},"116":{"start":{"line":117,"column":0},"end":{"line":117,"column":5}},"117":{"start":{"line":118,"column":0},"end":{"line":118,"column":25}},"118":{"start":{"line":119,"column":0},"end":{"line":119,"column":3}},"119":{"start":{"line":120,"column":0},"end":{"line":120,"column":79}},"120":{"start":{"line":121,"column":0},"end":{"line":121,"column":50}},"121":{"start":{"line":122,"column":0},"end":{"line":122,"column":18}},"122":{"start":{"line":123,"column":0},"end":{"line":123,"column":42}},"123":{"start":{"line":124,"column":0},"end":{"line":124,"column":5}},"124":{"start":{"line":125,"column":0},"end":{"line":125,"column":18}},"125":{"start":{"line":126,"column":0},"end":{"line":126,"column":3}},"126":{"start":{"line":127,"column":0},"end":{"line":127,"column":76}},"127":{"start":{"line":128,"column":0},"end":{"line":128,"column":29}},"128":{"start":{"line":129,"column":0},"end":{"line":129,"column":49}},"129":{"start":{"line":130,"column":0},"end":{"line":130,"column":16}},"130":{"start":{"line":131,"column":0},"end":{"line":131,"column":32}},"131":{"start":{"line":132,"column":0},"end":{"line":132,"column":51}},"132":{"start":{"line":133,"column":0},"end":{"line":133,"column":37}},"133":{"start":{"line":134,"column":0},"end":{"line":134,"column":72}},"134":{"start":{"line":135,"column":0},"end":{"line":135,"column":14}},"135":{"start":{"line":136,"column":0},"end":{"line":136,"column":50}},"136":{"start":{"line":137,"column":0},"end":{"line":137,"column":7}},"137":{"start":{"line":138,"column":0},"end":{"line":138,"column":5}},"138":{"start":{"line":139,"column":0},"end":{"line":139,"column":3}},"139":{"start":{"line":140,"column":0},"end":{"line":140,"column":1}}},"s":{"0":1,"1":1,"2":1,"3":1,"4":1,"5":1,"6":1,"7":1,"8":1,"9":1,"10":1,"11":1,"12":1,"13":1,"14":1,"15":1,"16":1,"17":1,"18":1,"19":1,"20":1,"21":1,"22":1,"23":1,"24":1,"25":3,"26":3,"27":3,"28":3,"29":3,"30":3,"31":3,"32":3,"33":3,"34":3,"35":3,"36":3,"37":3,"38":3,"39":3,"40":3,"41":3,"42":3,"43":3,"44":3,"45":3,"46":3,"47":3,"48":3,"49":3,"50":35,"51":35,"52":3,"53":3,"54":13,"55":13,"56":13,"57":13,"58":13,"59":13,"60":1,"61":1,"62":12,"63":12,"64":12,"65":12,"66":13,"67":4,"68":4,"69":4,"70":4,"71":4,"72":12,"73":13,"74":3,"75":3,"76":3,"77":3,"78":3,"79":3,"80":3,"81":13,"82":9,"83":9,"84":9,"85":9,"86":9,"87":9,"88":13,"89":9,"90":9,"91":3,"92":13,"93":3,"94":7,"95":7,"96":7,"97":7,"98":7,"99":0,"100":0,"101":7,"102":7,"103":3,"104":18,"105":18,"106":18,"107":13,"108":13,"109":18,"110":18,"111":5,"112":5,"113":13,"114":18,"115":2,"116":2,"117":13,"118":18,"119":3,"120":2,"121":2,"122":1,"123":1,"124":1,"125":2,"126":3,"127":4,"128":4,"129":4,"130":3,"131":1,"132":3,"133":1,"134":1,"135":1,"136":1,"137":3,"138":4,"139":1},"branchMap":{"0":{"type":"branch","line":25,"loc":{"start":{"line":25,"column":31},"end":{"line":140,"column":1}},"locations":[{"start":{"line":25,"column":31},"end":{"line":140,"column":1}}]},"1":{"type":"branch","line":39,"loc":{"start":{"line":39,"column":2},"end":{"line":48,"column":3}},"locations":[{"start":{"line":39,"column":2},"end":{"line":48,"column":3}}]},"2":{"type":"branch","line":50,"loc":{"start":{"line":50,"column":10},"end":{"line":52,"column":3}},"locations":[{"start":{"line":50,"column":10},"end":{"line":52,"column":3}}]},"3":{"type":"branch","line":54,"loc":{"start":{"line":54,"column":2},"end":{"line":93,"column":3}},"locations":[{"start":{"line":54,"column":2},"end":{"line":93,"column":3}}]},"4":{"type":"branch","line":60,"loc":{"start":{"line":60,"column":31},"end":{"line":62,"column":5}},"locations":[{"start":{"line":60,"column":31},"end":{"line":62,"column":5}}]},"5":{"type":"branch","line":62,"loc":{"start":{"line":62,"column":4},"end":{"line":67,"column":26}},"locations":[{"start":{"line":62,"column":4},"end":{"line":67,"column":26}}]},"6":{"type":"branch","line":67,"loc":{"start":{"line":67,"column":26},"end":{"line":72,"column":5}},"locations":[{"start":{"line":67,"column":26},"end":{"line":72,"column":5}}]},"7":{"type":"branch","line":72,"loc":{"start":{"line":72,"column":4},"end":{"line":74,"column":22}},"locations":[{"start":{"line":72,"column":4},"end":{"line":74,"column":22}}]},"8":{"type":"branch","line":74,"loc":{"start":{"line":74,"column":22},"end":{"line":82,"column":11}},"locations":[{"start":{"line":74,"column":22},"end":{"line":82,"column":11}}]},"9":{"type":"branch","line":82,"loc":{"start":{"line":82,"column":4},"end":{"line":88,"column":5}},"locations":[{"start":{"line":82,"column":4},"end":{"line":88,"column":5}}]},"10":{"type":"branch","line":88,"loc":{"start":{"line":88,"column":4},"end":{"line":89,"column":24}},"locations":[{"start":{"line":88,"column":4},"end":{"line":89,"column":24}}]},"11":{"type":"branch","line":89,"loc":{"start":{"line":89,"column":24},"end":{"line":91,"column":5}},"locations":[{"start":{"line":89,"column":24},"end":{"line":91,"column":5}}]},"12":{"type":"branch","line":91,"loc":{"start":{"line":91,"column":4},"end":{"line":92,"column":16}},"locations":[{"start":{"line":91,"column":4},"end":{"line":92,"column":16}}]},"13":{"type":"branch","line":58,"loc":{"start":{"line":58,"column":38},"end":{"line":58,"column":63}},"locations":[{"start":{"line":58,"column":38},"end":{"line":58,"column":63}}]},"14":{"type":"branch","line":94,"loc":{"start":{"line":94,"column":2},"end":{"line":103,"column":3}},"locations":[{"start":{"line":94,"column":2},"end":{"line":103,"column":3}}]},"15":{"type":"branch","line":99,"loc":{"start":{"line":99,"column":17},"end":{"line":101,"column":5}},"locations":[{"start":{"line":99,"column":17},"end":{"line":101,"column":5}}]},"16":{"type":"branch","line":104,"loc":{"start":{"line":104,"column":2},"end":{"line":119,"column":3}},"locations":[{"start":{"line":104,"column":2},"end":{"line":119,"column":3}}]},"17":{"type":"branch","line":107,"loc":{"start":{"line":107,"column":27},"end":{"line":109,"column":5}},"locations":[{"start":{"line":107,"column":27},"end":{"line":109,"column":5}}]},"18":{"type":"branch","line":111,"loc":{"start":{"line":111,"column":17},"end":{"line":113,"column":5}},"locations":[{"start":{"line":111,"column":17},"end":{"line":113,"column":5}}]},"19":{"type":"branch","line":113,"loc":{"start":{"line":113,"column":4},"end":{"line":115,"column":28}},"locations":[{"start":{"line":113,"column":4},"end":{"line":115,"column":28}}]},"20":{"type":"branch","line":115,"loc":{"start":{"line":115,"column":28},"end":{"line":117,"column":5}},"locations":[{"start":{"line":115,"column":28},"end":{"line":117,"column":5}}]},"21":{"type":"branch","line":117,"loc":{"start":{"line":117,"column":4},"end":{"line":118,"column":25}},"locations":[{"start":{"line":117,"column":4},"end":{"line":118,"column":25}}]},"22":{"type":"branch","line":120,"loc":{"start":{"line":120,"column":2},"end":{"line":126,"column":3}},"locations":[{"start":{"line":120,"column":2},"end":{"line":126,"column":3}}]},"23":{"type":"branch","line":122,"loc":{"start":{"line":122,"column":17},"end":{"line":125,"column":18}},"locations":[{"start":{"line":122,"column":17},"end":{"line":125,"column":18}}]},"24":{"type":"branch","line":127,"loc":{"start":{"line":127,"column":2},"end":{"line":139,"column":3}},"locations":[{"start":{"line":127,"column":2},"end":{"line":139,"column":3}}]},"25":{"type":"branch","line":130,"loc":{"start":{"line":130,"column":15},"end":{"line":138,"column":5}},"locations":[{"start":{"line":130,"column":15},"end":{"line":138,"column":5}}]},"26":{"type":"branch","line":131,"loc":{"start":{"line":131,"column":31},"end":{"line":133,"column":17}},"locations":[{"start":{"line":131,"column":31},"end":{"line":133,"column":17}}]},"27":{"type":"branch","line":133,"loc":{"start":{"line":133,"column":6},"end":{"line":137,"column":7}},"locations":[{"start":{"line":133,"column":6},"end":{"line":137,"column":7}}]},"28":{"type":"branch","line":133,"loc":{"start":{"line":133,"column":36},"end":{"line":137,"column":7}},"locations":[{"start":{"line":133,"column":36},"end":{"line":137,"column":7}}]},"29":{"type":"branch","line":140,"loc":{"start":{"line":140,"column":0},"end":{"line":140,"column":1}},"locations":[{"start":{"line":140,"column":0},"end":{"line":140,"column":1}}]}},"b":{"0":[3],"1":[3],"2":[35],"3":[13],"4":[1],"5":[12],"6":[4],"7":[12],"8":[3],"9":[9],"10":[12],"11":[9],"12":[3],"13":[16],"14":[7],"15":[0],"16":[18],"17":[13],"18":[5],"19":[13],"20":[2],"21":[13],"22":[2],"23":[1],"24":[4],"25":[3],"26":[1],"27":[2],"28":[1],"29":[1]},"fnMap":{"0":{"name":"<instance_members_initializer>","decl":{"start":{"line":25,"column":31},"end":{"line":140,"column":1}},"loc":{"start":{"line":25,"column":31},"end":{"line":140,"column":1}},"line":25},"1":{"name":"Model","decl":{"start":{"line":39,"column":2},"end":{"line":48,"column":3}},"loc":{"start":{"line":39,"column":2},"end":{"line":48,"column":3}},"line":39},"2":{"name":"db","decl":{"start":{"line":50,"column":10},"end":{"line":52,"column":3}},"loc":{"start":{"line":50,"column":10},"end":{"line":52,"column":3}},"line":50},"3":{"name":"save","decl":{"start":{"line":54,"column":2},"end":{"line":93,"column":3}},"loc":{"start":{"line":54,"column":2},"end":{"line":93,"column":3}},"line":54},"4":{"name":"saveAndFetch","decl":{"start":{"line":94,"column":2},"end":{"line":103,"column":3}},"loc":{"start":{"line":94,"column":2},"end":{"line":103,"column":3}},"line":94},"5":{"name":"fetch","decl":{"start":{"line":104,"column":2},"end":{"line":119,"column":3}},"loc":{"start":{"line":104,"column":2},"end":{"line":119,"column":3}},"line":104},"6":{"name":"fetchOrThrow","decl":{"start":{"line":120,"column":2},"end":{"line":126,"column":3}},"loc":{"start":{"line":120,"column":2},"end":{"line":126,"column":3}},"line":120},"7":{"name":"delete","decl":{"start":{"line":127,"column":2},"end":{"line":139,"column":3}},"loc":{"start":{"line":127,"column":2},"end":{"line":139,"column":3}},"line":127},"8":{"name":"get","decl":{"start":{"line":140,"column":0},"end":{"line":140,"column":1}},"loc":{"start":{"line":140,"column":0},"end":{"line":140,"column":1}},"line":140}},"f":{"0":3,"1":3,"2":35,"3":13,"4":7,"5":18,"6":2,"7":4,"8":1}}
}
